<?xml version="1.0" encoding="UTF-8"?>
<!-- Generated by org.testng.reporters.JUnitReportReporter -->
<testsuite skipped="0" hostname="matiurs-MacBook-Pro.local" name="landingpage.PageTitle" tests="1" failures="0" timestamp="2021-03-25T21:13:06 EDT" time="18.723" errors="0">
  <testcase name="checkTitle" time="18.723" classname="landingpage.PageTitle"/>
  <system-out/>
</testsuite> <!-- landingpage.PageTitle -->
