<?xml version="1.0" encoding="UTF-8"?>
<!-- Generated by org.testng.reporters.JUnitReportReporter -->
<testsuite hostname="matiurs-MacBook-Pro.local" failures="0" tests="1" name="landingpage.Search" time="20.608" errors="0" timestamp="2021-03-25T21:13:49 EDT" skipped="0">
  <testcase classname="landingpage.Search" name="search" time="20.608"/>
  <system-out/>
</testsuite> <!-- landingpage.Search -->
